<?xml version="1.0" encoding="UTF-8"?>
<testng-results skipped="0" failed="0" total="1" passed="1">
  <reporter-output>
  </reporter-output>
  <suite name="Default suite" duration-ms="21680" started-at="2018-02-15T12:47:22Z" finished-at="2018-02-15T12:47:44Z">
    <groups>
    </groups>
    <test name="Default test" duration-ms="21680" started-at="2018-02-15T12:47:22Z" finished-at="2018-02-15T12:47:44Z">
      <class name="Cases.Assignment7">
        <test-method status="PASS" signature="addItemToCart()[pri:0, instance:Cases.Assignment7@100fc185]" name="addItemToCart" duration-ms="21658" started-at="2018-02-15T18:17:22Z" finished-at="2018-02-15T18:17:44Z">
          <reporter-output>
          </reporter-output>
        </test-method> <!-- addItemToCart -->
      </class> <!-- Cases.Assignment7 -->
    </test> <!-- Default test -->
  </suite> <!-- Default suite -->
</testng-results>
