<?xml version="1.0" encoding="UTF-8"?>
<testng-results skipped="0" failed="0" ignored="0" total="1" passed="1">
  <reporter-output>
  </reporter-output>
  <suite name="Default suite" duration-ms="20458" started-at="2020-11-18T11:05:54Z" finished-at="2020-11-18T11:06:14Z">
    <groups>
    </groups>
    <test name="Default test" duration-ms="20458" started-at="2020-11-18T11:05:54Z" finished-at="2020-11-18T11:06:14Z">
      <class name="DataDrivenAssignments.Assignments">
        <test-method status="PASS" signature="searchResults()[pri:0, instance:DataDrivenAssignments.Assignments@490ab905]" name="searchResults" duration-ms="20320" started-at="2020-11-18T16:35:54Z" finished-at="2020-11-18T16:36:14Z">
          <reporter-output>
          </reporter-output>
        </test-method> <!-- searchResults -->
        <test-method status="PASS" signature="afterClass()[pri:0, instance:DataDrivenAssignments.Assignments@490ab905]" name="afterClass" is-config="true" duration-ms="121" started-at="2020-11-18T16:36:14Z" finished-at="2020-11-18T16:36:14Z">
          <reporter-output>
          </reporter-output>
        </test-method> <!-- afterClass -->
      </class> <!-- DataDrivenAssignments.Assignments -->
    </test> <!-- Default test -->
  </suite> <!-- Default suite -->
</testng-results>
