<?xml version="1.0" encoding="UTF-8"?>
<!-- Generated by org.testng.reporters.JUnitXMLReporter -->
<testsuite hostname="ip-192-168-1-11.ec2.internal" ignored="0" name="Default test(failed)" tests="1" failures="1" timestamp="18 Nov 2020 10:51:50 GMT" time="19.326" errors="0">
  <testcase name="searchResults" time="19.303" classname="DataDrivenAssignments.Assignments">
    <failure type="java.lang.NullPointerException">
      <![CDATA[java.lang.NullPointerException
	at DataDrivenAssignments.ExcelManager.updateCellData(ExcelManager.java:40)
	at DataDrivenAssignments.Assignments.searchResults(Assignments.java:42)
... Removed 25 stack frames]]>
    </failure>
  </testcase> <!-- searchResults -->
</testsuite> <!-- Default test(failed) -->
